Started GET "/store/filter?sort=Other" for 127.0.0.1 at 2018-12-20 21:37:40 +0200
Started GET "/" for 127.0.0.1 at 2018-12-20 21:37:40 +0200
Started GET "/store/filter?sort=Sunglasses" for 127.0.0.1 at 2018-12-20 21:37:40 +0200
Started GET "/" for 127.0.0.1 at 2018-12-20 21:37:40 +0200
Started GET "/store/filter?sort=Books" for 127.0.0.1 at 2018-12-20 21:37:40 +0200
  [1m[36mActiveRecord::SchemaMigration Load (0.8ms)[0m  [1m[34mSELECT "schema_migrations".* FROM "schema_migrations"[0m
  [1m[36mActiveRecord::SchemaMigration Load (0.8ms)[0m  [1m[34mSELECT "schema_migrations".* FROM "schema_migrations"[0m
  [1m[36mActiveRecord::SchemaMigration Load (1.4ms)[0m  [1m[34mSELECT "schema_migrations".* FROM "schema_migrations"[0m
  [1m[36mActiveRecord::SchemaMigration Load (0.8ms)[0m  [1m[34mSELECT "schema_migrations".* FROM "schema_migrations"[0m
  [1m[36mActiveRecord::SchemaMigration Load (0.7ms)[0m  [1m[34mSELECT "schema_migrations".* FROM "schema_migrations"[0m
Processing by StoreController#home as HTML
Processing by StoreController#filterProducts as HTML
Processing by StoreController#home as HTML
Processing by StoreController#filterProducts as HTML
Processing by StoreController#filterProducts as HTML
  Parameters: {"sort"=>"Other"}
  Parameters: {"sort"=>"Books"}
  Parameters: {"sort"=>"Sunglasses"}
  [1m[36mCart Load (1.1ms)[0m  [1m[34mSELECT  "carts".* FROM "carts" WHERE "carts"."id" = $1 LIMIT $2[0m  [["id", 8], ["LIMIT", 1]]
  [1m[36mCart Load (1.8ms)[0m  [1m[34mSELECT  "carts".* FROM "carts" WHERE "carts"."id" = $1 LIMIT $2[0m  [["id", 8], ["LIMIT", 1]]
  [1m[36mCart Load (1.7ms)[0m  [1m[34mSELECT  "carts".* FROM "carts" WHERE "carts"."id" = $1 LIMIT $2[0m  [["id", 8], ["LIMIT", 1]]
  [1m[36mCart Load (2.1ms)[0m  [1m[34mSELECT  "carts".* FROM "carts" WHERE "carts"."id" = $1 LIMIT $2[0m  [["id", 8], ["LIMIT", 1]]
  [1m[36mCart Load (42.8ms)[0m  [1m[34mSELECT  "carts".* FROM "carts" WHERE "carts"."id" = $1 LIMIT $2[0m  [["id", 8], ["LIMIT", 1]]
  [1m[36mProduct Load (3.2ms)[0m  [1m[34mSELECT "products".* FROM "products"[0m
  [1m[36mProduct Load (8.5ms)[0m  [1m[34mSELECT "products".* FROM "products"[0m
  Rendering store/home.html.erb within layouts/application
  Rendering store/home.html.erb within layouts/application
  [1m[36mProduct Load (64.0ms)[0m  [1m[34mSELECT "products".* FROM "products"[0m
  Rendering store/index.html.erb
  Rendering store/index.html.erb
  [1m[36mProduct Load (4.6ms)[0m  [1m[34mSELECT "products".* FROM "products" ORDER BY "products"."title" ASC[0m
  Rendering store/filterProducts.html.erb within layouts/application
  Rendering store/filterProducts.html.erb within layouts/application
  [1m[36mProduct Load (5.5ms)[0m  [1m[34mSELECT "products".* FROM "products" ORDER BY "products"."title" ASC[0m
  Rendering store/filterProducts.html.erb within layouts/application
  Rendered store/index.html.erb (3546.5ms)
  Rendered store/filterProducts.html.erb within layouts/application (3153.0ms)
  Rendered store/filterProducts.html.erb within layouts/application (3539.8ms)
  Rendered store/home.html.erb within layouts/application (3593.9ms)
  Rendered store/index.html.erb (3559.0ms)
  Rendered store/filterProducts.html.erb within layouts/application (3547.1ms)
  Rendered store/home.html.erb within layouts/application (3603.6ms)
  [1m[36mLineItem Exists (1.8ms)[0m  [1m[34mSELECT  1 AS one FROM "line_items" WHERE "line_items"."cart_id" = $1 LIMIT $2[0m  [["cart_id", 8], ["LIMIT", 1]]
  [1m[36mLineItem Exists (2.5ms)[0m  [1m[34mSELECT  1 AS one FROM "line_items" WHERE "line_items"."cart_id" = $1 LIMIT $2[0m  [["cart_id", 8], ["LIMIT", 1]]
  [1m[36mLineItem Exists (1.5ms)[0m  [1m[34mSELECT  1 AS one FROM "line_items" WHERE "line_items"."cart_id" = $1 LIMIT $2[0m  [["cart_id", 8], ["LIMIT", 1]]
  [1m[36mLineItem Exists (2.4ms)[0m  [1m[34mSELECT  1 AS one FROM "line_items" WHERE "line_items"."cart_id" = $1 LIMIT $2[0m  [["cart_id", 8], ["LIMIT", 1]]
  [1m[36mLineItem Exists (2.1ms)[0m  [1m[34mSELECT  1 AS one FROM "line_items" WHERE "line_items"."cart_id" = $1 LIMIT $2[0m  [["cart_id", 8], ["LIMIT", 1]]
  [1m[36mLineItem Load (1.0ms)[0m  [1m[34mSELECT "line_items".* FROM "line_items" WHERE "line_items"."cart_id" = $1[0m  [["cart_id", 8]]
  [1m[36mLineItem Load (0.9ms)[0m  [1m[34mSELECT "line_items".* FROM "line_items" WHERE "line_items"."cart_id" = $1[0m  [["cart_id", 8]]
  [1m[36mLineItem Load (1.6ms)[0m  [1m[34mSELECT "line_items".* FROM "line_items" WHERE "line_items"."cart_id" = $1[0m  [["cart_id", 8]]
  [1m[36mLineItem Load (1.0ms)[0m  [1m[34mSELECT "line_items".* FROM "line_items" WHERE "line_items"."cart_id" = $1[0m  [["cart_id", 8]]
  [1m[36mLineItem Load (0.7ms)[0m  [1m[34mSELECT "line_items".* FROM "line_items" WHERE "line_items"."cart_id" = $1[0m  [["cart_id", 8]]
  [1m[36mProduct Load (6.1ms)[0m  [1m[34mSELECT  "products".* FROM "products" WHERE "products"."id" = $1 LIMIT $2[0m  [["id", 30], ["LIMIT", 1]]
  Rendered collection of line_items/_line_item.html.erb [1 times] (11.4ms)
  [1m[36mProduct Load (3.6ms)[0m  [1m[34mSELECT  "products".* FROM "products" WHERE "products"."id" = $1 LIMIT $2[0m  [["id", 30], ["LIMIT", 1]]
  Rendered carts/_cart.html.erb (104.4ms)
  [1m[36mProduct Load (3.3ms)[0m  [1m[34mSELECT  "products".* FROM "products" WHERE "products"."id" = $1 LIMIT $2[0m  [["id", 30], ["LIMIT", 1]]
  [1m[36mProduct Load (1.5ms)[0m  [1m[34mSELECT  "products".* FROM "products" WHERE "products"."id" = $1 LIMIT $2[0m  [["id", 30], ["LIMIT", 1]]
  Rendered collection of line_items/_line_item.html.erb [1 times] (12.5ms)
Completed 200 OK in 3886ms (Views: 3754.1ms | ActiveRecord: 36.8ms)


  [1m[36mProduct Load (8.2ms)[0m  [1m[34mSELECT  "products".* FROM "products" WHERE "products"."id" = $1 LIMIT $2[0m  [["id", 30], ["LIMIT", 1]]
  Rendered collection of line_items/_line_item.html.erb [1 times] (7.3ms)
  Rendered collection of line_items/_line_item.html.erb [1 times] (23.7ms)
  Rendered carts/_cart.html.erb (110.8ms)
  Rendered collection of line_items/_line_item.html.erb [1 times] (15.8ms)
  Rendered carts/_cart.html.erb (121.4ms)
  Rendered carts/_cart.html.erb (91.8ms)
Completed 200 OK in 3886ms (Views: 3712.4ms | ActiveRecord: 64.0ms)


  Rendered carts/_cart.html.erb (101.0ms)
Completed 200 OK in 3890ms (Views: 3702.4ms | ActiveRecord: 94.0ms)


Completed 200 OK in 3909ms (Views: 3768.9ms | ActiveRecord: 72.1ms)


Completed 200 OK in 3893ms (Views: 3694.6ms | ActiveRecord: 58.4ms)


  
ActionController::RoutingError (No route matches [GET] "/assets/searchicon.png"):
  
actionpack (5.0.6) lib/action_dispatch/middleware/debug_exceptions.rb:53:in `call'
web-console (3.5.1) lib/web_console/middleware.rb:135:in `call_app'
web-console (3.5.1) lib/web_console/middleware.rb:28:in `block in call'
web-console (3.5.1) lib/web_console/middleware.rb:18:in `catch'
web-console (3.5.1) lib/web_console/middleware.rb:18:in `call'
actionpack (5.0.6) lib/action_dispatch/middleware/show_exceptions.rb:31:in `call'
railties (5.0.6) lib/rails/rack/logger.rb:36:in `call_app'
railties (5.0.6) lib/rails/rack/logger.rb:24:in `block in call'
activesupport (5.0.6) lib/active_support/tagged_logging.rb:69:in `block in tagged'
activesupport (5.0.6) lib/active_support/tagged_logging.rb:26:in `tagged'
activesupport (5.0.6) lib/active_support/tagged_logging.rb:69:in `tagged'
railties (5.0.6) lib/rails/rack/logger.rb:24:in `call'
sprockets-rails (3.2.1) lib/sprockets/rails/quiet_assets.rb:11:in `block in call'
activesupport (5.0.6) lib/active_support/logger_silence.rb:20:in `silence'
activesupport (5.0.6) lib/active_support/logger.rb:63:in `block (3 levels) in broadcast'
activesupport (5.0.6) lib/active_support/logger_silence.rb:20:in `silence'
activesupport (5.0.6) lib/active_support/logger.rb:61:in `block (2 levels) in broadcast'
sprockets-rails (3.2.1) lib/sprockets/rails/quiet_assets.rb:11:in `call'
actionpack (5.0.6) lib/action_dispatch/middleware/request_id.rb:24:in `call'
rack (2.0.3) lib/rack/method_override.rb:22:in `call'
rack (2.0.3) lib/rack/runtime.rb:22:in `call'
activesupport (5.0.6) lib/active_support/cache/strategy/local_cache_middleware.rb:28:in `call'
actionpack (5.0.6) lib/action_dispatch/middleware/executor.rb:12:in `call'
actionpack (5.0.6) lib/action_dispatch/middleware/static.rb:136:in `call'
rack (2.0.3) lib/rack/sendfile.rb:111:in `call'
railties (5.0.6) lib/rails/engine.rb:522:in `call'
puma (3.11.0) lib/puma/configuration.rb:225:in `call'
puma (3.11.0) lib/puma/server.rb:624:in `handle_request'
puma (3.11.0) lib/puma/server.rb:438:in `process_client'
puma (3.11.0) lib/puma/server.rb:302:in `block in run'
puma (3.11.0) lib/puma/thread_pool.rb:120:in `block in spawn_thread'
Started GET "/cable" for 127.0.0.1 at 2018-12-20 21:37:45 +0200
Started GET "/cable/" [WebSocket] for 127.0.0.1 at 2018-12-20 21:37:45 +0200
Successfully upgraded to WebSocket (REQUEST_METHOD: GET, HTTP_CONNECTION: Upgrade, HTTP_UPGRADE: websocket)
Finished "/cable/" [WebSocket] for 127.0.0.1 at 2018-12-20 21:37:45 +0200
Started GET "/cable" for 127.0.0.1 at 2018-12-20 21:37:45 +0200
Started GET "/cable/" [WebSocket] for 127.0.0.1 at 2018-12-20 21:37:45 +0200
Successfully upgraded to WebSocket (REQUEST_METHOD: GET, HTTP_CONNECTION: Upgrade, HTTP_UPGRADE: websocket)
ProductsChannel is transmitting the subscription confirmation
ProductsChannel is streaming from products
Started POST "/line_items?product_id=33" for 127.0.0.1 at 2018-12-20 21:37:48 +0200
Processing by LineItemsController#create as JS
  Parameters: {"authenticity_token"=>"wrOjbsGzmt9PU7uf55TrYbzxxz57q24f5jClwTJFy5f+tm3wxTCMRI/65XMDhpVUetsuvdFhA/O9buRzjNVZJw==", "product_id"=>"33"}
  [1m[36mCart Load (0.4ms)[0m  [1m[34mSELECT  "carts".* FROM "carts" WHERE "carts"."id" = $1 LIMIT $2[0m  [["id", 8], ["LIMIT", 1]]
  [1m[36mProduct Load (0.3ms)[0m  [1m[34mSELECT  "products".* FROM "products" WHERE "products"."id" = $1 LIMIT $2[0m  [["id", 33], ["LIMIT", 1]]
  [1m[36mLineItem Load (0.5ms)[0m  [1m[34mSELECT  "line_items".* FROM "line_items" WHERE "line_items"."cart_id" = $1 AND "line_items"."product_id" = $2 LIMIT $3[0m  [["cart_id", 8], ["product_id", 33], ["LIMIT", 1]]
  [1m[35m (0.2ms)[0m  [1m[35mBEGIN[0m
  [1m[35mSQL (1.3ms)[0m  [1m[32mINSERT INTO "line_items" ("product_id", "cart_id", "created_at", "updated_at") VALUES ($1, $2, $3, $4) RETURNING "id"[0m  [["product_id", 33], ["cart_id", 8], ["created_at", "2018-12-20 19:37:48.107971"], ["updated_at", "2018-12-20 19:37:48.107971"]]
  [1m[35m (30.9ms)[0m  [1m[35mCOMMIT[0m
  Rendering line_items/create.js.erb
  [1m[36mLineItem Load (0.3ms)[0m  [1m[34mSELECT "line_items".* FROM "line_items" WHERE "line_items"."cart_id" = $1[0m  [["cart_id", 8]]
  [1m[36mProduct Load (0.3ms)[0m  [1m[34mSELECT  "products".* FROM "products" WHERE "products"."id" = $1 LIMIT $2[0m  [["id", 30], ["LIMIT", 1]]
  [1m[36mProduct Load (0.4ms)[0m  [1m[34mSELECT  "products".* FROM "products" WHERE "products"."id" = $1 LIMIT $2[0m  [["id", 33], ["LIMIT", 1]]
  Rendered collection of line_items/_line_item.html.erb [2 times] (5.4ms)
  Rendered carts/_cart.html.erb (11.7ms)
  Rendered line_items/create.js.erb (15.1ms)
Completed 200 OK in 69ms (Views: 22.1ms | ActiveRecord: 34.5ms)


Started POST "/line_items?product_id=33" for 127.0.0.1 at 2018-12-20 21:37:50 +0200
Processing by LineItemsController#create as JS
  Parameters: {"authenticity_token"=>"wrOjbsGzmt9PU7uf55TrYbzxxz57q24f5jClwTJFy5f+tm3wxTCMRI/65XMDhpVUetsuvdFhA/O9buRzjNVZJw==", "product_id"=>"33"}
  [1m[36mCart Load (0.4ms)[0m  [1m[34mSELECT  "carts".* FROM "carts" WHERE "carts"."id" = $1 LIMIT $2[0m  [["id", 8], ["LIMIT", 1]]
  [1m[36mProduct Load (0.4ms)[0m  [1m[34mSELECT  "products".* FROM "products" WHERE "products"."id" = $1 LIMIT $2[0m  [["id", 33], ["LIMIT", 1]]
  [1m[36mLineItem Load (0.6ms)[0m  [1m[34mSELECT  "line_items".* FROM "line_items" WHERE "line_items"."cart_id" = $1 AND "line_items"."product_id" = $2 LIMIT $3[0m  [["cart_id", 8], ["product_id", 33], ["LIMIT", 1]]
  [1m[35m (0.2ms)[0m  [1m[35mBEGIN[0m
  [1m[35mSQL (3.0ms)[0m  [1m[33mUPDATE "line_items" SET "quantity" = $1, "updated_at" = $2 WHERE "line_items"."id" = $3[0m  [["quantity", 2], ["updated_at", "2018-12-20 19:37:50.505884"], ["id", 12]]
  [1m[35m (0.8ms)[0m  [1m[35mCOMMIT[0m
  Rendering line_items/create.js.erb
  [1m[36mLineItem Exists (0.5ms)[0m  [1m[34mSELECT  1 AS one FROM "line_items" WHERE "line_items"."cart_id" = $1 LIMIT $2[0m  [["cart_id", 8], ["LIMIT", 1]]
  [1m[36mLineItem Load (0.4ms)[0m  [1m[34mSELECT "line_items".* FROM "line_items" WHERE "line_items"."cart_id" = $1[0m  [["cart_id", 8]]
  [1m[36mProduct Load (0.4ms)[0m  [1m[34mSELECT  "products".* FROM "products" WHERE "products"."id" = $1 LIMIT $2[0m  [["id", 30], ["LIMIT", 1]]
  [1m[36mProduct Load (0.4ms)[0m  [1m[34mSELECT  "products".* FROM "products" WHERE "products"."id" = $1 LIMIT $2[0m  [["id", 33], ["LIMIT", 1]]
  Rendered collection of line_items/_line_item.html.erb [2 times] (4.5ms)
  Rendered carts/_cart.html.erb (10.3ms)
  Rendered line_items/create.js.erb (13.3ms)
Completed 200 OK in 39ms (Views: 21.2ms | ActiveRecord: 7.0ms)


Started POST "/line_items?product_id=33" for 127.0.0.1 at 2018-12-20 21:37:51 +0200
Processing by LineItemsController#create as JS
  Parameters: {"authenticity_token"=>"wrOjbsGzmt9PU7uf55TrYbzxxz57q24f5jClwTJFy5f+tm3wxTCMRI/65XMDhpVUetsuvdFhA/O9buRzjNVZJw==", "product_id"=>"33"}
  [1m[36mCart Load (0.3ms)[0m  [1m[34mSELECT  "carts".* FROM "carts" WHERE "carts"."id" = $1 LIMIT $2[0m  [["id", 8], ["LIMIT", 1]]
  [1m[36mProduct Load (0.3ms)[0m  [1m[34mSELECT  "products".* FROM "products" WHERE "products"."id" = $1 LIMIT $2[0m  [["id", 33], ["LIMIT", 1]]
  [1m[36mLineItem Load (0.5ms)[0m  [1m[34mSELECT  "line_items".* FROM "line_items" WHERE "line_items"."cart_id" = $1 AND "line_items"."product_id" = $2 LIMIT $3[0m  [["cart_id", 8], ["product_id", 33], ["LIMIT", 1]]
  [1m[35m (0.1ms)[0m  [1m[35mBEGIN[0m
  [1m[35mSQL (2.9ms)[0m  [1m[33mUPDATE "line_items" SET "quantity" = $1, "updated_at" = $2 WHERE "line_items"."id" = $3[0m  [["quantity", 3], ["updated_at", "2018-12-20 19:37:51.827078"], ["id", 12]]
  [1m[35m (0.5ms)[0m  [1m[35mCOMMIT[0m
  Rendering line_items/create.js.erb
  [1m[36mLineItem Exists (0.4ms)[0m  [1m[34mSELECT  1 AS one FROM "line_items" WHERE "line_items"."cart_id" = $1 LIMIT $2[0m  [["cart_id", 8], ["LIMIT", 1]]
  [1m[36mLineItem Load (0.4ms)[0m  [1m[34mSELECT "line_items".* FROM "line_items" WHERE "line_items"."cart_id" = $1[0m  [["cart_id", 8]]
  [1m[36mProduct Load (0.6ms)[0m  [1m[34mSELECT  "products".* FROM "products" WHERE "products"."id" = $1 LIMIT $2[0m  [["id", 30], ["LIMIT", 1]]
  [1m[36mProduct Load (0.4ms)[0m  [1m[34mSELECT  "products".* FROM "products" WHERE "products"."id" = $1 LIMIT $2[0m  [["id", 33], ["LIMIT", 1]]
  Rendered collection of line_items/_line_item.html.erb [2 times] (5.2ms)
  Rendered carts/_cart.html.erb (10.9ms)
  Rendered line_items/create.js.erb (14.6ms)
Completed 200 OK in 35ms (Views: 21.4ms | ActiveRecord: 6.5ms)


